Arguments: 
  C:\Program Files\nodejs\node.exe C:\Users\viewr\AppData\Roaming\npm\node_modules\yarn\bin\yarn.js config get nodeLinker

PATH: 
  C:\Python39\Scripts\;C:\Python39\;C:\Program Files\Common Files\Oracle\Java\javapath;C:\Program Files (x86)\Common Files\Oracle\Java\javapath;C:\Windows\system32;C:\Windows;C:\Windows\System32\Wbem;C:\Windows\System32\WindowsPowerShell\v1.0\;C:\Windows\System32\OpenSSH\;C:\Program Files (x86)\NVIDIA Corporation\PhysX\Common;C:\Program Files\NVIDIA Corporation\NVIDIA NvDLISR;C:\WINDOWS\system32;C:\WINDOWS;C:\WINDOWS\System32\Wbem;C:\WINDOWS\System32\WindowsPowerShell\v1.0\;C:\WINDOWS\System32\OpenSSH\;C:\Program Files\Java\jdk-16\bin;C:\Program Files\dotnet\;C:\Program Files\Microsoft SQL Server\130\Tools\Binn\;C:\ProgramData\chocolatey\bin;C:\Program Files\Git\cmd;C:\Users\viewr\AppData\Roaming\nvm;C:\Program Files\nodejs;C:\Program Files\nodejs\;C:\Users\viewr\AppData\Local\Microsoft\WindowsApps;C:\Users\viewr\AppData\Local\Programs\Microsoft VS Code\bin;C:\Users\viewr\.dotnet\tools;C:\Users\viewr\AppData\Local\Android\Sdk\platform-tools;C:\Users\viewr\AppData\Local\GitHubDesktop\bin;C:\Users\viewr\AppData\Roaming\nvm;C:\Program Files\nodejs;C:\Users\viewr\AppData\Roaming\npm

Yarn version: 
  1.22.17

Node version: 
  16.13.1

Platform: 
  win32 x64

Trace: 
  Error: EISDIR: illegal operation on a directory, read

npm manifest: 
  {
    "dependencies": {
      "react": "^17.0.2"
    }
  }

yarn manifest: 
  No manifest

Lockfile: 
  No lockfile
